[0m[2m[35m$[0m [2m[1mvite build --watch[0m
[36mvite v4.5.3 [32mbuilding for production...[36m[39m
[36m
watching for file changes...[39m
[36m
build started...[39m
[2K[1Gtransforming (1) [2mindex.html[22m[2K[1Gtransforming (24) [2msrc/apps/Earth/scenery/planet/field.js[22m[2K[1Gtransforming (41) [2m../../node_modules/@medical-district/rhythm-filter/index.js[22m[2K[1Gtransforming (62) [2msrc/regions/guests/food/decor.vue[22m[2K[1Gtransforming (94) [2msrc/parcels/physics/field.js[22m[2K[1Gtransforming (118) [2msrc/regions/guests/habitat/panels/panel_health.vue[22m[2K[1Gtransforming (144) [2msrc/regions/guests/shelves/cycles/methods.js[22m[2K[1Gtransforming (182) [2msrc/parcels/empty_cart/field.vue[22m[2K[1Gtransforming (202) [2msrc/scenery/name/mural.vue[22m[2K[1Gtransforming (233) [2msrc/scenery/food_or_supp_summary/decor.js[22m[2K[1Gtransforming (285) [2m../../node_modules/ol/events.js[22m[2K[1Gtransforming (309) [2m../../node_modules/lodash/_isPrototype.js[22m[2K[1Gtransforming (357) [2m../../node_modules/ol/obj.js[22m[2K[1Gtransforming (402) [2m../../node_modules/ol/geom/flat/orient.js[22m[2K[1Gtransforming (429) [2msrc/scenery/charts/composition_DAC/methods/PHYSICAL/index.js[22m[2K[1Gtransforming (490) [2m../../node_modules/lodash/constant.js[22m[2K[1Gtransforming (524) [2m../../node_modules/ol/geom/Geometry.js[22m[2K[1Gtransforming (569) [2m../../node_modules/swiper/modules/index.mjs[22m[2K[1Gtransforming (596) [2m../../node_modules/ol/tileurlfunction.js[22m[2K[1Gtransforming (672) [2m../../node_modules/d3-dispatch/src/dispatch.js[22m[2K[1Gtransforming (732) [2m../../node_modules/d3-geo/src/projection/equirectangular.js[22m[2K[1Gtransforming (792) [2m../../node_modules/d3-scale/src/ordinal.js[22m[2K[1Gtransforming (888) [2m../../node_modules/d3-shape/src/link.js[22m[2K[1Gtransforming (955) [2m../../node_modules/color-convert/conversions.js[22m[2K[1Gtransforming (996) [2m../../node_modules/swiper/modules/effect-fade.mjs[22m[2K[1Gtransforming (1014) [2msrc/scenery/charts/pie/make/build/data.js[22m[2K[1Gtransforming (1114) [2m../../node_modules/d3-quadtree/src/x.js[22m[2K[1Gtransforming (1209) [2m../../node_modules/swiper/shared/ssr-window.esm.mjs[22m[2K[1Gtransforming (1435) [2m../../node_modules/@kurkle/color/dist/color.esm.js[22m[2K[1G[2K[1G[2K[1G[2K[1G[2K[1G[2K[1G[2K[1G[2K[1G[2K[1G[2K[1G[2K[1G[2K[1G[2K[1G[2K[1G[2K[1G[2K[1G[2K[1G[2K[1G[2K[1G[32m✓[39m 1455 modules transformed.
[2K[1Grendering chunks (1)...[2K[1Grendering chunks (2)...[2K[1Grendering chunks (3)...[2K[1Grendering chunks (4)...[2K[1Grendering chunks (5)...[2K[1Grendering chunks (6)...[2K[1Grendering chunks (7)...[2K[1Grendering chunks (8)...[2K[1Grendering chunks (9)...[2K[1Grendering chunks (10)...[2K[1Grendering chunks (11)...[2K[1Grendering chunks (12)...[2K[1Grendering chunks (13)...[2K[1Grendering chunks (14)...[2K[1Grendering chunks (15)...[2K[1Grendering chunks (16)...[2K[1Grendering chunks (17)...[2K[1Grendering chunks (18)...[2K[1Grendering chunks (19)...[2K[1Grendering chunks (20)...[2K[1Grendering chunks (21)...[2K[1Grendering chunks (22)...[2K[1Grendering chunks (23)...[2K[1Grendering chunks (24)...[2K[1Grendering chunks (25)...[2K[1Grendering chunks (26)...[2K[1Grendering chunks (27)...[2K[1Grendering chunks (28)...[2K[1Grendering chunks (29)...[2K[1Grendering chunks (30)...[2K[1Grendering chunks (31)...[2K[1Grendering chunks (32)...[2K[1Grendering chunks (33)...[2K[1Grendering chunks (34)...[2K[1Grendering chunks (35)...[2K[1Grendering chunks (36)...[2K[1Grendering chunks (37)...[2K[1G[2K[1Gcomputing gzip size (0)...[2K[1Gcomputing gzip size (1)...[2K[1Gcomputing gzip size (2)...[2K[1Gcomputing gzip size (3)...[2K[1Gcomputing gzip size (4)...[2K[1Gcomputing gzip size (5)...[2K[1Gcomputing gzip size (6)...[2K[1Gcomputing gzip size (7)...[2K[1Gcomputing gzip size (8)...[2K[1Gcomputing gzip size (9)...[2K[1Gcomputing gzip size (10)...[2K[1Gcomputing gzip size (11)...[2K[1Gcomputing gzip size (12)...[2K[1Gcomputing gzip size (13)...[2K[1Gcomputing gzip size (14)...[2K[1Gcomputing gzip size (15)...[2K[1Gcomputing gzip size (16)...[2K[1Gcomputing gzip size (17)...[2K[1Gcomputing gzip size (18)...[2K[1Gcomputing gzip size (19)...[2K[1Gcomputing gzip size (20)...[2K[1Gcomputing gzip size (21)...[2K[1Gcomputing gzip size (22)...[2K[1Gcomputing gzip size (23)...[2K[1Gcomputing gzip size (24)...[2K[1Gcomputing gzip size (25)...[2K[1Gcomputing gzip size (26)...[2K[1Gcomputing gzip size (27)...[2K[1Gcomputing gzip size (28)...[2K[1Gcomputing gzip size (29)...[2K[1Gcomputing gzip size (30)...[2K[1Gcomputing gzip size (31)...[2K[1Gcomputing gzip size (32)...[2K[1Gcomputing gzip size (33)...[2K[1Gcomputing gzip size (34)...[2K[1Gcomputing gzip size (35)...[2K[1Gcomputing gzip size (36)...[2K[1Gcomputing gzip size (37)...[2K[1Gcomputing gzip size (38)...[2K[1Gcomputing gzip size (39)...[2K[1Gcomputing gzip size (40)...[2K[1Gcomputing gzip size (41)...[2K[1Gcomputing gzip size (42)...[2K[1Gcomputing gzip size (43)...[2K[1Gcomputing gzip size (44)...[2K[1Gcomputing gzip size (45)...[2K[1Gcomputing gzip size (46)...[2K[1G[2mdist/[22m[2massets/[22m[32mworker-abbf90d8.js     [39m[1m[2m    0.19 kB[22m[1m[22m
[2mdist/[22m[32mindex.html                    [39m[1m[2m    1.23 kB[22m[1m[22m[2m │ gzip:   0.66 kB[22m
[2mdist/[22m[2massets/[22m[35mdecor-c8b1007a.css     [39m[1m[2m    0.05 kB[22m[1m[22m[2m │ gzip:   0.07 kB[22m
[2mdist/[22m[2massets/[22m[35mdecor-25a431cc.css     [39m[1m[2m    0.18 kB[22m[1m[22m[2m │ gzip:   0.12 kB[22m
[2mdist/[22m[2massets/[22m[35mdecor-26dde895.css     [39m[1m[2m    0.18 kB[22m[1m[22m[2m │ gzip:   0.12 kB[22m
[2mdist/[22m[2massets/[22m[35mdecor-a9144674.css     [39m[1m[2m    0.23 kB[22m[1m[22m[2m │ gzip:   0.14 kB[22m
[2mdist/[22m[2massets/[22m[35mscenery-b3179ad4.css   [39m[1m[2m    0.67 kB[22m[1m[22m[2m │ gzip:   0.24 kB[22m
[2mdist/[22m[2massets/[22m[35mindex-2276cf1b.css     [39m[1m[2m    0.91 kB[22m[1m[22m[2m │ gzip:   0.43 kB[22m
[2mdist/[22m[2massets/[22m[35mdecor-5fd94eca.css     [39m[1m[2m    5.30 kB[22m[1m[22m[2m │ gzip:   1.38 kB[22m
[2mdist/[22m[2massets/[22m[35mfield-a77631ec.css     [39m[1m[2m   20.89 kB[22m[1m[22m[2m │ gzip:   4.41 kB[22m
[2mdist/[22m[2massets/[22m[36mregion-ec304b47.js     [39m[1m[2m    0.15 kB[22m[1m[22m[2m │ gzip:   0.14 kB[22m
[2mdist/[22m[2massets/[22m[36mdecor-15933d25.js      [39m[1m[2m    0.16 kB[22m[1m[22m[2m │ gzip:   0.15 kB[22m
[2mdist/[22m[2massets/[22m[36mregion-4d18a829.js     [39m[1m[2m    0.17 kB[22m[1m[22m[2m │ gzip:   0.15 kB[22m
[2mdist/[22m[2massets/[22m[36mdecor-df6fc2df.js      [39m[1m[2m    0.20 kB[22m[1m[22m[2m │ gzip:   0.17 kB[22m
[2mdist/[22m[2massets/[22m[36mdecor-54189379.js      [39m[1m[2m    0.22 kB[22m[1m[22m[2m │ gzip:   0.19 kB[22m
[2mdist/[22m[2massets/[22m[36mnot_found-c2bca104.js  [39m[1m[2m    0.29 kB[22m[1m[22m[2m │ gzip:   0.24 kB[22m
[2mdist/[22m[2massets/[22m[36mscenery-290f51bf.js    [39m[1m[2m    0.48 kB[22m[1m[22m[2m │ gzip:   0.34 kB[22m
[2mdist/[22m[2massets/[22m[36mfield-12ea4f04.js      [39m[1m[2m    0.54 kB[22m[1m[22m[2m │ gzip:   0.37 kB[22m
[2mdist/[22m[2massets/[22m[36mfield-ac8c5607.js      [39m[1m[2m    0.54 kB[22m[1m[22m[2m │ gzip:   0.37 kB[22m
[2mdist/[22m[2massets/[22m[36mfeature-6d50d642.js    [39m[1m[2m    0.57 kB[22m[1m[22m[2m │ gzip:   0.38 kB[22m
[2mdist/[22m[2massets/[22m[36mregion-276894c3.js     [39m[1m[2m    0.69 kB[22m[1m[22m[2m │ gzip:   0.46 kB[22m
[2mdist/[22m[2massets/[22m[36mfeatures-8de3f43a.js   [39m[1m[2m    0.71 kB[22m[1m[22m[2m │ gzip:   0.44 kB[22m
