[0m[2m[35m$[0m [2m[1meslint -c ./.eslintrc.json src[0m
[0m[0m
[0m[4m/habitat/venues/stages/goodest/adventures/vv_turbo/apps/web/src/apps/Earth/logistics/guests/index.js[24m[0m
[0m  [2m3:10[22m  [31merror[39m  'createRouter' is defined but never used      [2m@typescript-eslint/no-unused-vars[22m[0m
[0m  [2m3:24[22m  [31merror[39m  'createWebHistory' is defined but never used  [2m@typescript-eslint/no-unused-vars[22m[0m
[0m[0m
[0m[4m/habitat/venues/stages/goodest/adventures/vv_turbo/apps/web/src/apps/Earth/logistics/index.js[24m[0m
[0m  [2m13:8[22m  [31merror[39m  'habitat' is defined but never used  [2m@typescript-eslint/no-unused-vars[22m[0m
[0m[0m
[0m[4m/habitat/venues/stages/goodest/adventures/vv_turbo/apps/web/src/apps/Earth/logistics/status/index.js[24m[0m
[0m  [2m8:10[22m  [31merror[39m  'createRouter' is defined but never used      [2m@typescript-eslint/no-unused-vars[22m[0m
[0m  [2m8:24[22m  [31merror[39m  'createWebHistory' is defined but never used  [2m@typescript-eslint/no-unused-vars[22m[0m
[0m[0m
[0m[4m/habitat/venues/stages/goodest/adventures/vv_turbo/apps/web/src/apps/Earth/scenery/planet/field.js[24m[0m
[0m   [2m5:10[22m  [31merror[39m  'RouterLink' is defined but never used          [2m@typescript-eslint/no-unused-vars[22m[0m
[0m  [2m88:58[22m  [31merror[39m  'inaugural' is defined but never used           [2m@typescript-eslint/no-unused-vars[22m[0m
[0m  [2m88:69[22m  [31merror[39m  'field' is defined but never used               [2m@typescript-eslint/no-unused-vars[22m[0m
[0m  [2m98:69[22m  [31merror[39m  'inaugural' is defined but never used           [2m@typescript-eslint/no-unused-vars[22m[0m
[0m  [2m98:80[22m  [31merror[39m  'field' is defined but never used               [2m@typescript-eslint/no-unused-vars[22m[0m
[0m  [2m99:10[22m  [31merror[39m  'homestead' is assigned a value but never used  [2m@typescript-eslint/no-unused-vars[22m[0m
[0m[0m
[0m[4m/habitat/venues/stages/goodest/adventures/vv_turbo/apps/web/src/apps/Earth/warehouses/layout/index.js[24m[0m
[0m  [2m45:15[22m  [31merror[39m  'warehouse' is defined but never used  [2m@typescript-eslint/no-unused-vars[22m[0m
[0m[0m
[0m[4m/habitat/venues/stages/goodest/adventures/vv_turbo/apps/web/src/apps/fields/app/index.js[24m[0m
[0m   [2m7:21[22m  [31merror[39m  'defineAsyncComponent' is defined but never used    [2m@typescript-eslint/no-unused-vars[22m[0m
[0m  [2m10:10[22m  [31merror[39m  'make_system' is defined but never used             [2m@typescript-eslint/no-unused-vars[22m[0m
[0m  [2m12:10[22m  [31merror[39m  'remove_field' is defined but never used            [2m@typescript-eslint/no-unused-vars[22m[0m
[0m  [2m19:10[22m  [31merror[39m  'create_theme_warehouse' is defined but never used  [2m@typescript-eslint/no-unused-vars[22m[0m
[0m  [2m28:2[22m   [31merror[39m  'variables' is assigned a value but never used      [2m@typescript-eslint/no-unused-vars[22m[0m
[0m[0m
[0m[4m/habitat/venues/stages/goodest/adventures/vv_turbo/apps/web/src/apps/fields/append.js[24m[0m
[0m  [2m26:8[22m  [31merror[39m  'lounge' is defined but never used  [2m@typescript-eslint/no-unused-vars[22m[0m
[0m[0m
[0m[4m/habitat/venues/stages/goodest/adventures/vv_turbo/apps/web/src/apps/fields/boundary/embellishments.js[24m[0m
[0m  [2m11:10[22m  [31merror[39m  'inject' is defined but never used    [2m@typescript-eslint/no-unused-vars[22m[0m
[0m  [2m12:10[22m  [31merror[39m  'mapState' is defined but never used  [2m@typescript-eslint/no-unused-vars[22m[0m
[0m[0m
[0m[4m/habitat/venues/stages/goodest/adventures/vv_turbo/apps/web/src/apps/fields/hacienda/eco.js[24m[0m
[0m   [2m8:18[22m  [31merror[39m  'provide' is defined but never used       [2m@typescript-eslint/no-unused-vars[22m[0m
[0m  [2m11:10[22m  [31merror[39m  'remove_field' is defined but never used  [2m@typescript-eslint/no-unused-vars[22m[0m
[0m  [2m45:62[22m  [31merror[39m  'inaugural' is defined but never used     [2m@typescript-eslint/no-unused-vars[22m[0m
[0m  [2m45:73[22m  [31merror[39m  'field' is defined but never used         [2m@typescript-eslint/no-unused-vars[22m[0m
[0m  [2m50:69[22m  [31merror[39m  'inaugural' is defined but never used     [2m@typescript-eslint/no-unused-vars[22m[0m
[0m[0m
[0m[4m/habitat/venues/stages/goodest/adventures/vv_turbo/apps/web/src/apps/fields/hacienda/methods/fn/keypress.js[24m[0m
[0m  [2m2:10[22m  [31merror[39m  'remove_field' is defined but never used  [2m@typescript-eslint/no-unused-vars[22m[0m
[0m  [2m3:8[22m   [31merror[39m  'boundary' is defined but never used      [2m@typescript-eslint/no-unused-vars[22m[0m
[0m  [2m4:10[22m  [31merror[39m  'inject' is defined but never used        [2m@typescript-eslint/no-unused-vars[22m[0m
[0m  [2m4:18[22m  [31merror[39m  'provide' is defined but never used       [2m@typescript-eslint/no-unused-vars[22m[0m
[0m[0m
[0m[4m/habitat/venues/stages/goodest/adventures/vv_turbo/apps/web/src/apps/fields/hacienda/methods/index.js[24m[0m
[0m  [2m2:10[22m  [31merror[39m  'inject' is defined but never used    [2m@typescript-eslint/no-unused-vars[22m[0m
[0m  [2m2:18[22m  [31merror[39m  'provide' is defined but never used   [2m@typescript-eslint/no-unused-vars[22m[0m
[0m  [2m5:8[22m   [31merror[39m  'boundary' is defined but never used  [2m@typescript-eslint/no-unused-vars[22m[0m
[0m[0m
[0m[4m/habitat/venues/stages/goodest/adventures/vv_turbo/apps/web/src/apps/fields/remove.js[24m[0m
[0m  [2m7:10[22m  [31merror[39m  'fields_element' is defined but never used  [2m@typescript-eslint/no-unused-vars[22m[0m
[0m[0m
[0m[4m/habitat/venues/stages/goodest/adventures/vv_turbo/apps/web/src/fleet/nutrition_meadow/goals/scan.js[24m[0m
[0m  [2m20:10[22m  [31merror[39m  'climate_system' is defined but never used  [2m@typescript-eslint/no-unused-vars[22m[0m
[0m[0m
[0m[4m/habitat/venues/stages/goodest/adventures/vv_turbo/apps/web/src/fleet/nutrition_meadow/goals/scan_emblem.js[24m[0m
[0m  [2m22:10[22m  [31merror[39m  'climate_system' is defined but never used  [2m@typescript-eslint/no-unused-vars[22m[0m
[0m[0m
[0m[4m/habitat/venues/stages/goodest/adventures/vv_turbo/apps/web/src/fleet/goodest_DB/supp/inventory/find.js[24m[0m
[0m  [2m18:2[22m  [31merror[39m  'emblem' is defined but never used  [2m@typescript-eslint/no-unused-vars[22m[0m
[0m[0m
[0m[4m/habitat/venues/stages/goodest/adventures/vv_turbo/apps/web/src/fleet/goodest_DB/treasures/search/index.js[24m[0m
[0m  [2m27:10[22m  [31merror[39m  'climate_system' is defined but never used  [2m@typescript-eslint/no-unused-vars[22m[0m
[0m[0m
[0m[4m/habitat/venues/stages/goodest/adventures/vv_turbo/apps/web/src/glamour/background_effects/particles/money.js[24m[0m
[0m   [2m19:8[22m   [31merror[39m  'MyWorker' is defined but never used             [2m@typescript-eslint/no-unused-vars[22m[0m
[0m   [2m29:10[22m  [31merror[39m  'canvas' is assigned a value but never used      [2m@typescript-eslint/no-unused-vars[22m[0m
[0m  [2m112:9[22m   [31merror[39m  Unexpected aliasing of 'this' to local variable  [2m@typescript-eslint/no-this-alias[22m[0m
[0m  [2m123:19[22m  [31merror[39m  'ellipse' is defined but never used              [2m@typescript-eslint/no-unused-vars[22m[0m
[0m  [2m123:28[22m  [31merror[39m  'is_last' is defined but never used              [2m@typescript-eslint/no-unused-vars[22m[0m
[0m  [2m128:75[22m  [31merror[39m  'field' is defined but never used                [2m@typescript-eslint/no-unused-vars[22m[0m
[0m[0m
[0m[4m/habitat/venues/stages/goodest/adventures/vv_turbo/apps/web/src/glamour/background_effects/particles/worker.js[24m[0m
[0m  [2m10:8[22m  [31merror[39m  'data' is assigned a value but never used  [2m@typescript-eslint/no-unused-vars[22m[0m
[0m[0m
[0m[4m/habitat/venues/stages/goodest/adventures/vv_turbo/apps/web/src/glamour/table/_status/status.js[24m[0m
[0m  [2m8:19[22m  [31merror[39m  'reactive' is defined but never used              [2m@typescript-eslint/no-unused-vars[22m[0m
[0m  [2m8:29[22m  [31merror[39m  'h' is defined but never used                     [2m@typescript-eslint/no-unused-vars[22m[0m
[0m  [2m8:32[22m  [31merror[39m  'defineAsyncComponent' is defined but never used  [2m@typescript-eslint/no-unused-vars[22m[0m
[0m[0m
[0m[4m/habitat/venues/stages/goodest/adventures/vv_turbo/apps/web/src/glamour/table/decor.js[24m[0m
[0m  [2m24:10[22m  [31merror[39m  'markRaw' is defined but never used               [2m@typescript-eslint/no-unused-vars[22m[0m
[0m  [2m24:19[22m  [31merror[39m  'reactive' is defined but never used              [2m@typescript-eslint/no-unused-vars[22m[0m
[0m  [2m24:32[22m  [31merror[39m  'defineAsyncComponent' is defined but never used  [2m@typescript-eslint/no-unused-vars[22m[0m
[0m[0m
[0m[4m/habitat/venues/stages/goodest/adventures/vv_turbo/apps/web/src/grid/food/FIND_ENERGY_PER_GRAM.js[24m[0m
[0m  [2m38:9[22m  [31merror[39m  'MASS_PER_PACKAGE' is assigned a value but never used  [2m@typescript-eslint/no-unused-vars[22m[0m
[0m  [2m40:9[22m  [31merror[39m  'ENERGY_PER_GRAM' is assigned a value but never used   [2m@typescript-eslint/no-unused-vars[22m[0m
[0m[0m
[0m[4m/habitat/venues/stages/goodest/adventures/vv_turbo/apps/web/src/grid/nature/essential_nutrients/grove/calc_linear_grove/index.js[24m[0m
[0m   [2m7:10[22m  [31merror[39m  'sort_grove' is defined but never used  [2m@typescript-eslint/no-unused-vars[22m[0m
[0m  [2m10:8[22m   [31merror[39m  '_get' is defined but never used        [2m@typescript-eslint/no-unused-vars[22m[0m
[0m[0m
[0m[4m/habitat/venues/stages/goodest/adventures/vv_turbo/apps/web/src/grid/nature/essential_nutrients/grove/ingredient/name_0.js[24m[0m
[0m  [2m9:10[22m  [31merror[39m  'fraction_to_float' is defined but never used  [2m@typescript-eslint/no-unused-vars[22m[0m
[0m[0m
[0m[4m/habitat/venues/stages/goodest/adventures/vv_turbo/apps/web/src/grid/nature/essential_nutrients/grove/sort/index.js[24m[0m
[0m  [2m14:10[22m  [31merror[39m  'fraction_to_float' is defined but never used  [2m@typescript-eslint/no-unused-vars[22m[0m
[0m  [2m35:7[22m   [31merror[39m  'direction_1' is already defined               [2mno-redeclare[22m[0m
[0m  [2m36:7[22m   [31merror[39m  'direction_2' is already defined               [2mno-redeclare[22m[0m
[0m[0m
[0m[4m/habitat/venues/stages/goodest/adventures/vv_turbo/apps/web/src/grid/struct_2/ingredient/mass.js[24m[0m
[0m  [2m16:10[22m  [31merror[39m  'furnish_string' is defined but never used  [2m@typescript-eslint/no-unused-vars[22m[0m
[0m[0m
[0m[4m/habitat/venues/stages/goodest/adventures/vv_turbo/apps/web/src/parcels/climate/field.js[24m[0m
[0m  [2m20:10[22m  [31merror[39m  'mapState' is defined but never used   [2m@typescript-eslint/no-unused-vars[22m[0m
[0m  [2m62:74[22m  [31merror[39m  'inaugural' is defined but never used  [2m@typescript-eslint/no-unused-vars[22m[0m
[0m  [2m62:85[22m  [31merror[39m  'field' is defined but never used      [2m@typescript-eslint/no-unused-vars[22m[0m
[0m  [2m66:62[22m  [31merror[39m  'inaugural' is defined but never used  [2m@typescript-eslint/no-unused-vars[22m[0m
[0m  [2m66:73[22m  [31merror[39m  'field' is defined but never used      [2m@typescript-eslint/no-unused-vars[22m[0m
[0m[0m
[0m[4m/habitat/venues/stages/goodest/adventures/vv_turbo/apps/web/src/parcels/goal/features.js[24m[0m
[0m  [2m25:4[22m  [31merror[39m  'inaugural' is defined but never used  [2m@typescript-eslint/no-unused-vars[22m[0m
[0m  [2m26:4[22m  [31merror[39m  'field' is defined but never used      [2m@typescript-eslint/no-unused-vars[22m[0m
[0m[0m
[0m[4m/habitat/venues/stages/goodest/adventures/vv_turbo/apps/web/src/parcels/navigation-lab/field.js[24m[0m
[0m  [2m70:9[22m  [31merror[39m  'inputForm' is assigned a value but never used     [2m@typescript-eslint/no-unused-vars[22m[0m
[0m  [2m71:9[22m  [31merror[39m  'inputTxt' is assigned a value but never used      [2m@typescript-eslint/no-unused-vars[22m[0m
[0m  [2m72:9[22m  [31merror[39m  'voice_select' is assigned a value but never used  [2m@typescript-eslint/no-unused-vars[22m[0m
[0m[0m
[0m[4m/habitat/venues/stages/goodest/adventures/vv_turbo/apps/web/src/parcels/sink-filter/field.js[24m[0m
[0m  [2m29:13[22m  [31merror[39m  'swiper' is defined but never used           [2m@typescript-eslint/no-unused-vars[22m[0m
[0m  [2m40:9[22m   [31merror[39m  'swiper' is assigned a value but never used  [2m@typescript-eslint/no-unused-vars[22m[0m
[0m[0m
[0m[4m/habitat/venues/stages/goodest/adventures/vv_turbo/apps/web/src/parcels/unit_systems/decor/system_international_with_food_calories_and_IU/field.js[24m[0m
[0m  [2m7:10[22m  [31merror[39m  'mapState' is defined but never used  [2m@typescript-eslint/no-unused-vars[22m[0m
[0m[0m
[0m[4m/habitat/venues/stages/goodest/adventures/vv_turbo/apps/web/src/parcels/unit_systems/field.js[24m[0m
[0m  [2m3:10[22m  [31merror[39m  'mapState' is defined but never used  [2m@typescript-eslint/no-unused-vars[22m[0m
[0m[0m
[0m[4m/habitat/venues/stages/goodest/adventures/vv_turbo/apps/web/src/regions/guests/__shows_d3/theatrics/NETWORK_2/field.js[24m[0m
[0m  [2m17:9[22m  [31merror[39m  'NETWORK' is assigned a value but never used  [2m@typescript-eslint/no-unused-vars[22m[0m
[0m  [2m45:7[22m  [31merror[39m  'network' is assigned a value but never used  [2m@typescript-eslint/no-unused-vars[22m[0m
[0m[0m
[0m[4m/habitat/venues/stages/goodest/adventures/vv_turbo/apps/web/src/regions/guests/__shows_d3/theatrics/NETWORK_D3_2/PHYSICAL/index.js[24m[0m
[0m  [2m228:11[22m  [31merror[39m  'updateAll' is defined but never used  [2m@typescript-eslint/no-unused-vars[22m[0m
[0m[0m
[0m[4m/habitat/venues/stages/goodest/adventures/vv_turbo/apps/web/src/regions/guests/__shows_d3/theatrics/NETWORK_D3_3/methods/PHYSICAL/index.js[24m[0m
[0m    [2m9:8[22m   [31merror[39m  Unexpected aliasing of 'this' to local variable  [2m@typescript-eslint/no-this-alias[22m[0m
[0m   [2m16:8[22m   [31merror[39m  'STRUCTURES' is assigned a value but never used  [2m@typescript-eslint/no-unused-vars[22m[0m
[0m  [2m271:11[22m  [31merror[39m  'updateAll' is defined but never used            [2m@typescript-eslint/no-unused-vars[22m[0m
[0m[0m
[0m[4m/habitat/venues/stages/goodest/adventures/vv_turbo/apps/web/src/regions/guests/__shows_d3/theatrics/net/field.js[24m[0m
[0m  [2m115:12[22m  [31merror[39m  'dragstarted' is defined but never used  [2m@typescript-eslint/no-unused-vars[22m[0m
[0m  [2m122:12[22m  [31merror[39m  'dragged' is defined but never used      [2m@typescript-eslint/no-unused-vars[22m[0m
[0m  [2m127:12[22m  [31merror[39m  'dragended' is defined but never used    [2m@typescript-eslint/no-unused-vars[22m[0m
[0m[0m
[0m[4m/habitat/venues/stages/goodest/adventures/vv_turbo/apps/web/src/regions/guests/cart/decor.js[24m[0m
[0m  [2m71:5[22m  [31merror[39m  'parsed' is assigned a value but never used  [2m@typescript-eslint/no-unused-vars[22m[0m
[0m[0m
[0m[4m/habitat/venues/stages/goodest/adventures/vv_turbo/apps/web/src/regions/guests/food/decor.js[24m[0m
[0m  [2m24:8[22m  [31merror[39m  'quantity' is defined but never used  [2m@typescript-eslint/no-unused-vars[22m[0m
[0m  [2m34:8[22m  [31merror[39m  '_get' is defined but never used      [2m@typescript-eslint/no-unused-vars[22m[0m
[0m[0m
[0m[4m/habitat/venues/stages/goodest/adventures/vv_turbo/apps/web/src/regions/guests/goal/room.js[24m[0m
[0m   [2m2:10[22m  [31merror[39m  'scan_goals' is defined but never used  [2m@typescript-eslint/no-unused-vars[22m[0m
[0m  [2m27:4[22m   [31merror[39m  'inaugural' is defined but never used   [2m@typescript-eslint/no-unused-vars[22m[0m
[0m  [2m28:4[22m   [31merror[39m  'field' is defined but never used       [2m@typescript-eslint/no-unused-vars[22m[0m
[0m[0m
[0m[4m/habitat/venues/stages/goodest/adventures/vv_turbo/apps/web/src/regions/guests/map/decor.js[24m[0m
[0m  [2m31:9[22m  [31merror[39m  Unexpected aliasing of 'this' to local variable  [2m@typescript-eslint/no-this-alias[22m[0m
[0m  [2m33:9[22m  [31merror[39m  'map' is assigned a value but never used         [2m@typescript-eslint/no-unused-vars[22m[0m
[0m[0m
[0m[4m/habitat/venues/stages/goodest/adventures/vv_turbo/apps/web/src/regions/guests/shelves/cycles/methods.js[24m[0m
[0m   [2m9:8[22m  [31merror[39m  'cloneDeep' is defined but never used        [2m@typescript-eslint/no-unused-vars[22m[0m
[0m  [2m87:5[22m  [31merror[39m  'parsed' is assigned a value but never used  [2m@typescript-eslint/no-unused-vars[22m[0m
[0m[0m
[0m[4m/habitat/venues/stages/goodest/adventures/vv_turbo/apps/web/src/regions/guests/supp/decor/measured_ingredients/fountains.js[24m[0m
[0m  [2m14:10[22m  [31merror[39m  'build_grove' is defined but never used        [2m@typescript-eslint/no-unused-vars[22m[0m
[0m  [2m17:10[22m  [31merror[39m  'mass_plus_mass_eq' is defined but never used  [2m@typescript-eslint/no-unused-vars[22m[0m
[0m  [2m18:10[22m  [31merror[39m  'round_quantity' is defined but never used     [2m@typescript-eslint/no-unused-vars[22m[0m
[0m[0m
[0m[4m/habitat/venues/stages/goodest/adventures/vv_turbo/apps/web/src/regions/guests/supp/methods/index.js[24m[0m
[0m  [2m18:4[22m  [31merror[39m  'parsed' is assigned a value but never used  [2m@typescript-eslint/no-unused-vars[22m[0m
[0m[0m
[0m[4m/habitat/venues/stages/goodest/adventures/vv_turbo/apps/web/src/scenery/button/decor.js[24m[0m
[0m  [2m4:8[22m  [31merror[39m  'anime' is defined but never used  [2m@typescript-eslint/no-unused-vars[22m[0m
[0m[0m
[0m[4m/habitat/venues/stages/goodest/adventures/vv_turbo/apps/web/src/scenery/charts/composition_DAC/methods/PHYSICAL/index.js[24m[0m
[0m    [2m9:8[22m   [31merror[39m  Unexpected aliasing of 'this' to local variable  [2m@typescript-eslint/no-this-alias[22m[0m
[0m   [2m16:8[22m   [31merror[39m  'STRUCTURES' is assigned a value but never used  [2m@typescript-eslint/no-unused-vars[22m[0m
[0m  [2m271:11[22m  [31merror[39m  'updateAll' is defined but never used            [2m@typescript-eslint/no-unused-vars[22m[0m
[0m[0m
[0m[4m/habitat/venues/stages/goodest/adventures/vv_turbo/apps/web/src/scenery/charts/composition_waterfall/chart.js[24m[0m
[0m  [2m7:15[22m  [31merror[39m  'onMounted' is defined but never used  [2m@typescript-eslint/no-unused-vars[22m[0m
[0m[0m
[0m[4m/habitat/venues/stages/goodest/adventures/vv_turbo/apps/web/src/scenery/charts/pie/make/build/options.js[24m[0m
[0m   [2m3:10[22m  [31merror[39m  'round_quantity' is defined but never used      [2m@typescript-eslint/no-unused-vars[22m[0m
[0m  [2m23:14[22m  [31merror[39m  'dataIndex' is assigned a value but never used  [2m@typescript-eslint/no-unused-vars[22m[0m
[0m[0m
[0m[4m/habitat/venues/stages/goodest/adventures/vv_turbo/apps/web/src/scenery/charts/pie/make/build/plugins.js[24m[0m
[0m   [2m3:8[22m   [31merror[39m  'Chart' is defined but never used              [2m@typescript-eslint/no-unused-vars[22m[0m
[0m   [2m5:7[22m   [31merror[39m  'plugin_1' is assigned a value but never used  [2m@typescript-eslint/no-unused-vars[22m[0m
[0m   [2m6:14[22m  [31merror[39m  'chart' is defined but never used              [2m@typescript-eslint/no-unused-vars[22m[0m
[0m   [2m6:21[22m  [31merror[39m  'args' is defined but never used               [2m@typescript-eslint/no-unused-vars[22m[0m
[0m   [2m6:27[22m  [31merror[39m  'options' is defined but never used            [2m@typescript-eslint/no-unused-vars[22m[0m
[0m   [2m9:15[22m  [31merror[39m  'chart' is defined but never used              [2m@typescript-eslint/no-unused-vars[22m[0m
[0m   [2m9:22[22m  [31merror[39m  'args' is defined but never used               [2m@typescript-eslint/no-unused-vars[22m[0m
[0m   [2m9:28[22m  [31merror[39m  'options' is defined but never used            [2m@typescript-eslint/no-unused-vars[22m[0m
[0m  [2m41:25[22m  [31merror[39m  'args' is defined but never used               [2m@typescript-eslint/no-unused-vars[22m[0m
[0m  [2m41:31[22m  [31merror[39m  'opts' is defined but never used               [2m@typescript-eslint/no-unused-vars[22m[0m
[0m[0m
[0m[4m/habitat/venues/stages/goodest/adventures/vv_turbo/apps/web/src/scenery/charts/pie/make/index.js[24m[0m
[0m   [2m4:8[22m   [31merror[39m  'ChartDataLabels' is defined but never used  [2m@typescript-eslint/no-unused-vars[22m[0m
[0m  [2m11:10[22m  [31merror[39m  'round_quantity' is defined but never used   [2m@typescript-eslint/no-unused-vars[22m[0m
[0m[0m
[0m[4m/habitat/venues/stages/goodest/adventures/vv_turbo/apps/web/src/scenery/charts/pie/make/utilities/--find_value.js[24m[0m
[0m  [2m21:30[22m  [31merror[39m  'ctx' is defined but never used  [2m@typescript-eslint/no-unused-vars[22m[0m
[0m  [2m25:20[22m  [31merror[39m  'ctx' is defined but never used  [2m@typescript-eslint/no-unused-vars[22m[0m
[0m[0m
[0m[4m/habitat/venues/stages/goodest/adventures/vv_turbo/apps/web/src/scenery/charts/pie/make/utilities/find_name.js[24m[0m
[0m   [2m3:10[22m  [31merror[39m  'round_quantity' is defined but never used  [2m@typescript-eslint/no-unused-vars[22m[0m
[0m  [2m13:30[22m  [31merror[39m  'ctx' is defined but never used             [2m@typescript-eslint/no-unused-vars[22m[0m
[0m  [2m18:20[22m  [31merror[39m  'ctx' is defined but never used             [2m@typescript-eslint/no-unused-vars[22m[0m
[0m[0m
[0m[4m/habitat/venues/stages/goodest/adventures/vv_turbo/apps/web/src/scenery/charts/pie/veranda.js[24m[0m
[0m  [2m18:8[22m   [31merror[39m  'pattern' is defined but never used              [2m@typescript-eslint/no-unused-vars[22m[0m
[0m  [2m19:8[22m   [31merror[39m  'ChartDataLabels' is defined but never used      [2m@typescript-eslint/no-unused-vars[22m[0m
[0m  [2m20:8[22m   [31merror[39m  'Chart' is defined but never used                [2m@typescript-eslint/no-unused-vars[22m[0m
[0m  [2m25:10[22m  [31merror[39m  'round_quantity' is defined but never used       [2m@typescript-eslint/no-unused-vars[22m[0m
[0m  [2m44:62[22m  [31merror[39m  'inaugural' is defined but never used            [2m@typescript-eslint/no-unused-vars[22m[0m
[0m  [2m44:73[22m  [31merror[39m  'field' is defined but never used                [2m@typescript-eslint/no-unused-vars[22m[0m
[0m  [2m81:10[22m  [31merror[39m  Unexpected aliasing of 'this' to local variable  [2m@typescript-eslint/no-this-alias[22m[0m
[0m  [2m88:43[22m  [31merror[39m  'index' is defined but never used                [2m@typescript-eslint/no-unused-vars[22m[0m
[0m  [2m91:41[22m  [31merror[39m  'index' is defined but never used                [2m@typescript-eslint/no-unused-vars[22m[0m
[0m[0m
[0m[4m/habitat/venues/stages/goodest/adventures/vv_turbo/apps/web/src/scenery/example/_status/palette.js[24m[0m
[0m  [2m3:8[22m  [31merror[39m  'cloneDeep' is defined but never used           [2m@typescript-eslint/no-unused-vars[22m[0m
[0m  [2m5:7[22m  [31merror[39m  'palette_1' is assigned a value but never used  [2m@typescript-eslint/no-unused-vars[22m[0m
[0m[0m
[0m[4m/habitat/venues/stages/goodest/adventures/vv_turbo/apps/web/src/scenery/example/decor.js[24m[0m
[0m  [2m4:8[22m  [31merror[39m  'cloneDeep' is defined but never used  [2m@typescript-eslint/no-unused-vars[22m[0m
[0m[0m
[0m[4m/habitat/venues/stages/goodest/adventures/vv_turbo/apps/web/src/scenery/goal/decor.js[24m[0m
[0m  [2m5:10[22m  [31merror[39m  'open_goal' is defined but never used        [2m@typescript-eslint/no-unused-vars[22m[0m
[0m  [2m8:10[22m  [31merror[39m  'defineComponent' is defined but never used  [2m@typescript-eslint/no-unused-vars[22m[0m
[0m[0m
[0m[4m/habitat/venues/stages/goodest/adventures/vv_turbo/apps/web/src/scenery/lounge/decor.js[24m[0m
[0m   [2m2:8[22m   [31merror[39m  'cloneDeep' is defined but never used  [2m@typescript-eslint/no-unused-vars[22m[0m
[0m  [2m45:47[22m  [31merror[39m  'inaugural' is defined but never used  [2m@typescript-eslint/no-unused-vars[22m[0m
[0m  [2m45:58[22m  [31merror[39m  'field' is defined but never used      [2m@typescript-eslint/no-unused-vars[22m[0m
[0m  [2m48:53[22m  [31merror[39m  'inaugural' is defined but never used  [2m@typescript-eslint/no-unused-vars[22m[0m
[0m  [2m48:64[22m  [31merror[39m  'field' is defined but never used      [2m@typescript-eslint/no-unused-vars[22m[0m
[0m  [2m51:69[22m  [31merror[39m  'inaugural' is defined but never used  [2m@typescript-eslint/no-unused-vars[22m[0m
[0m  [2m51:80[22m  [31merror[39m  'field' is defined but never used      [2m@typescript-eslint/no-unused-vars[22m[0m
[0m  [2m55:62[22m  [31merror[39m  'inaugural' is defined but never used  [2m@typescript-eslint/no-unused-vars[22m[0m
[0m  [2m55:73[22m  [31merror[39m  'field' is defined but never used      [2m@typescript-eslint/no-unused-vars[22m[0m
[0m[0m
[0m[4m/habitat/venues/stages/goodest/adventures/vv_turbo/apps/web/src/scenery/nature_cautionary_ingredients/shack.js[24m[0m
[0m    [2m2:10[22m  [31merror[39m  'round_quantity' is defined but never used  [2m@typescript-eslint/no-unused-vars[22m[0m
[0m    [2m3:10[22m  [31merror[39m  'furnish_string' is defined but never used  [2m@typescript-eslint/no-unused-vars[22m[0m
[0m    [2m5:10[22m  [31merror[39m  'has_field' is defined but never used       [2m@typescript-eslint/no-unused-vars[22m[0m
[0m    [2m9:8[22m   [31merror[39m  'cloneDeep' is defined but never used       [2m@typescript-eslint/no-unused-vars[22m[0m
[0m  [2m114:34[22m  [31merror[39m  'entries' is defined but never used         [2m@typescript-eslint/no-unused-vars[22m[0m
[0m  [2m114:43[22m  [31merror[39m  'observer' is defined but never used        [2m@typescript-eslint/no-unused-vars[22m[0m
[0m[0m
[0m[4m/habitat/venues/stages/goodest/adventures/vv_turbo/apps/web/src/scenery/nature_essentials_nutrients/shack.js[24m[0m
[0m    [2m7:10[22m  [31merror[39m  'round_quantity' is defined but never used  [2m@typescript-eslint/no-unused-vars[22m[0m
[0m    [2m8:10[22m  [31merror[39m  'furnish_string' is defined but never used  [2m@typescript-eslint/no-unused-vars[22m[0m
[0m  [2m114:34[22m  [31merror[39m  'entries' is defined but never used         [2m@typescript-eslint/no-unused-vars[22m[0m
[0m  [2m114:43[22m  [31merror[39m  'observer' is defined but never used        [2m@typescript-eslint/no-unused-vars[22m[0m
[0m[0m
[0m[4m/habitat/venues/stages/goodest/adventures/vv_turbo/apps/web/src/scenery/nature_ingredients_table/fields/methods.js[24m[0m
[0m   [2m2:8[22m   [31merror[39m  'cloneDeep' is defined but never used            [2m@typescript-eslint/no-unused-vars[22m[0m
[0m   [2m4:10[22m  [31merror[39m  'build_grove' is defined but never used          [2m@typescript-eslint/no-unused-vars[22m[0m
[0m   [2m5:10[22m  [31merror[39m  'sort_grove' is defined but never used           [2m@typescript-eslint/no-unused-vars[22m[0m
[0m   [2m6:10[22m  [31merror[39m  'calc_linear_grove' is defined but never used    [2m@typescript-eslint/no-unused-vars[22m[0m
[0m   [2m9:10[22m  [31merror[39m  'mass_plus_mass_eq' is defined but never used    [2m@typescript-eslint/no-unused-vars[22m[0m
[0m  [2m10:10[22m  [31merror[39m  'name_0' is defined but never used               [2m@typescript-eslint/no-unused-vars[22m[0m
[0m  [2m11:10[22m  [31merror[39m  'biological_activity' is defined but never used  [2m@typescript-eslint/no-unused-vars[22m[0m
[0m  [2m14:10[22m  [31merror[39m  'round_quantity' is defined but never used       [2m@typescript-eslint/no-unused-vars[22m[0m
[0m[0m
[0m[4m/habitat/venues/stages/goodest/adventures/vv_turbo/apps/web/src/scenery/nature_ingredients_table/fields/methods_/prepare_columns.js[24m[0m
[0m    [2m4:10[22m  [31merror[39m  'build_grove' is defined but never used          [2m@typescript-eslint/no-unused-vars[22m[0m
[0m    [2m5:10[22m  [31merror[39m  'sort_grove' is defined but never used           [2m@typescript-eslint/no-unused-vars[22m[0m
[0m    [2m6:10[22m  [31merror[39m  'calc_linear_grove' is defined but never used    [2m@typescript-eslint/no-unused-vars[22m[0m
[0m   [2m11:10[22m  [31merror[39m  'biological_activity' is defined but never used  [2m@typescript-eslint/no-unused-vars[22m[0m
[0m   [2m14:10[22m  [31merror[39m  'round_quantity' is defined but never used       [2m@typescript-eslint/no-unused-vars[22m[0m
[0m   [2m15:10[22m  [31merror[39m  'fraction_to_float' is defined but never used    [2m@typescript-eslint/no-unused-vars[22m[0m
[0m   [2m16:10[22m  [31merror[39m  'has_field' is defined but never used            [2m@typescript-eslint/no-unused-vars[22m[0m
[0m   [2m18:10[22m  [31merror[39m  'sort_as_floats' is defined but never used       [2m@typescript-eslint/no-unused-vars[22m[0m
[0m   [2m47:15[22m  [31merror[39m  'rows' is defined but never used                 [2m@typescript-eslint/no-unused-vars[22m[0m
[0m   [2m47:21[22m  [31merror[39m  'place' is defined but never used                [2m@typescript-eslint/no-unused-vars[22m[0m
[0m   [2m87:15[22m  [31merror[39m  'rows' is defined but never used                 [2m@typescript-eslint/no-unused-vars[22m[0m
[0m   [2m87:21[22m  [31merror[39m  'place' is defined but never used                [2m@typescript-eslint/no-unused-vars[22m[0m
[0m  [2m152:15[22m  [31merror[39m  'rows' is defined but never used                 [2m@typescript-eslint/no-unused-vars[22m[0m
[0m  [2m152:21[22m  [31merror[39m  'place' is defined but never used                [2m@typescript-eslint/no-unused-vars[22m[0m
[0m  [2m221:16[22m  [31merror[39m  'rows' is defined but never used                 [2m@typescript-eslint/no-unused-vars[22m[0m
[0m  [2m221:22[22m  [31merror[39m  'place' is defined but never used                [2m@typescript-eslint/no-unused-vars[22m[0m
[0m[0m
[0m[4m/habitat/venues/stages/goodest/adventures/vv_turbo/apps/web/src/scenery/nature_ingredients_table/fields/methods_/prepare_rows.js[24m[0m
[0m   [2m4:10[22m  [31merror[39m  'build_grove' is defined but never used           [2m@typescript-eslint/no-unused-vars[22m[0m
[0m   [2m5:10[22m  [31merror[39m  'sort_grove' is defined but never used            [2m@typescript-eslint/no-unused-vars[22m[0m
[0m   [2m9:10[22m  [31merror[39m  'mass_plus_mass_eq' is defined but never used     [2m@typescript-eslint/no-unused-vars[22m[0m
[0m  [2m10:10[22m  [31merror[39m  'name_0' is defined but never used                [2m@typescript-eslint/no-unused-vars[22m[0m
[0m  [2m11:10[22m  [31merror[39m  'biological_activity' is defined but never used   [2m@typescript-eslint/no-unused-vars[22m[0m
[0m  [2m14:10[22m  [31merror[39m  'round_quantity' is defined but never used        [2m@typescript-eslint/no-unused-vars[22m[0m
[0m  [2m15:10[22m  [31merror[39m  'fraction_to_float' is defined but never used     [2m@typescript-eslint/no-unused-vars[22m[0m
[0m  [2m16:10[22m  [31merror[39m  'has_field' is defined but never used             [2m@typescript-eslint/no-unused-vars[22m[0m
[0m  [2m18:19[22m  [31merror[39m  'reactive' is defined but never used              [2m@typescript-eslint/no-unused-vars[22m[0m
[0m  [2m18:29[22m  [31merror[39m  'h' is defined but never used                     [2m@typescript-eslint/no-unused-vars[22m[0m
[0m  [2m18:32[22m  [31merror[39m  'defineAsyncComponent' is defined but never used  [2m@typescript-eslint/no-unused-vars[22m[0m
[0m[0m
[0m[4m/habitat/venues/stages/goodest/adventures/vv_turbo/apps/web/src/scenery/nature_ingredients_table/fountains.js[24m[0m
[0m  [2m12:8[22m   [31merror[39m  'cloneDeep' is defined but never used             [2m@typescript-eslint/no-unused-vars[22m[0m
[0m  [2m17:10[22m  [31merror[39m  'build_grove' is defined but never used           [2m@typescript-eslint/no-unused-vars[22m[0m
[0m  [2m18:10[22m  [31merror[39m  'sort_grove' is defined but never used            [2m@typescript-eslint/no-unused-vars[22m[0m
[0m  [2m19:10[22m  [31merror[39m  'calc_linear_grove' is defined but never used     [2m@typescript-eslint/no-unused-vars[22m[0m
[0m  [2m24:10[22m  [31merror[39m  'mass_plus_mass_eq' is defined but never used     [2m@typescript-eslint/no-unused-vars[22m[0m
[0m  [2m25:10[22m  [31merror[39m  'name_0' is defined but never used                [2m@typescript-eslint/no-unused-vars[22m[0m
[0m  [2m26:10[22m  [31merror[39m  'biological_activity' is defined but never used   [2m@typescript-eslint/no-unused-vars[22m[0m
[0m  [2m29:10[22m  [31merror[39m  'round_quantity' is defined but never used        [2m@typescript-eslint/no-unused-vars[22m[0m
[0m  [2m30:10[22m  [31merror[39m  'fraction_to_float' is defined but never used     [2m@typescript-eslint/no-unused-vars[22m[0m
[0m  [2m31:10[22m  [31merror[39m  'has_field' is defined but never used             [2m@typescript-eslint/no-unused-vars[22m[0m
[0m  [2m36:10[22m  [31merror[39m  'markRaw' is defined but never used               [2m@typescript-eslint/no-unused-vars[22m[0m
[0m  [2m36:19[22m  [31merror[39m  'reactive' is defined but never used              [2m@typescript-eslint/no-unused-vars[22m[0m
[0m  [2m36:29[22m  [31merror[39m  'h' is defined but never used                     [2m@typescript-eslint/no-unused-vars[22m[0m
[0m  [2m36:32[22m  [31merror[39m  'defineAsyncComponent' is defined but never used  [2m@typescript-eslint/no-unused-vars[22m[0m
[0m[0m
[0m[4m/habitat/venues/stages/goodest/adventures/vv_turbo/apps/web/src/scenery/nature_ingredients_table_v1/fountains.js[24m[0m
[0m  [2m14:10[22m  [31merror[39m  'build_grove' is defined but never used        [2m@typescript-eslint/no-unused-vars[22m[0m
[0m  [2m18:10[22m  [31merror[39m  'mass_plus_mass_eq' is defined but never used  [2m@typescript-eslint/no-unused-vars[22m[0m
[0m  [2m21:10[22m  [31merror[39m  'round_quantity' is defined but never used     [2m@typescript-eslint/no-unused-vars[22m[0m
[0m[0m
[0m[4m/habitat/venues/stages/goodest/adventures/vv_turbo/apps/web/src/scenery/nav_1/decor.js[24m[0m
[0m  [2m6:10[22m  [31merror[39m  'append_field' is defined but never used  [2m@typescript-eslint/no-unused-vars[22m[0m
[0m[0m
[0m[4m/habitat/venues/stages/goodest/adventures/vv_turbo/apps/web/src/scenery/nav_1/navs/mobile_top/field.js[24m[0m
[0m   [2m9:10[22m  [31merror[39m  'append_field' is defined but never used  [2m@typescript-eslint/no-unused-vars[22m[0m
[0m  [2m35:10[22m  [31merror[39m  'event' is defined but never used         [2m@typescript-eslint/no-unused-vars[22m[0m
[0m  [2m38:9[22m   [31merror[39m  'event' is defined but never used         [2m@typescript-eslint/no-unused-vars[22m[0m
[0m[0m
[0m[4m/habitat/venues/stages/goodest/adventures/vv_turbo/apps/web/src/scenery/nav_1/navs/top/field.js[24m[0m
[0m   [2m3:10[22m  [31merror[39m  'append_field' is defined but never used  [2m@typescript-eslint/no-unused-vars[22m[0m
[0m  [2m60:10[22m  [31merror[39m  'event' is defined but never used         [2m@typescript-eslint/no-unused-vars[22m[0m
[0m  [2m63:9[22m   [31merror[39m  'event' is defined but never used         [2m@typescript-eslint/no-unused-vars[22m[0m
[0m[0m
[0m[4m/habitat/venues/stages/goodest/adventures/vv_turbo/apps/web/src/scenery/nav_2/decor.js[24m[0m
[0m  [2m7:10[22m  [31merror[39m  'append_field' is defined but never used  [2m@typescript-eslint/no-unused-vars[22m[0m
[0m[0m
[0m[4m/habitat/venues/stages/goodest/adventures/vv_turbo/apps/web/src/scenery/navigation infrastructure/methods/awareness/keydown.js[24m[0m
[0m  [2m19:8[22m  [31merror[39m  'control' is assigned a value but never used  [2m@typescript-eslint/no-unused-vars[22m[0m
[0m  [2m20:8[22m  [31merror[39m  'meta' is assigned a value but never used     [2m@typescript-eslint/no-unused-vars[22m[0m
[0m  [2m21:8[22m  [31merror[39m  'alt' is assigned a value but never used      [2m@typescript-eslint/no-unused-vars[22m[0m
[0m  [2m26:8[22m  [31merror[39m  'target' is assigned a value but never used   [2m@typescript-eslint/no-unused-vars[22m[0m
[0m[0m
[0m[4m/habitat/venues/stages/goodest/adventures/vv_turbo/apps/web/src/scenery/navigation infrastructure/structure.js[24m[0m
[0m  [2m35:62[22m  [31merror[39m  'inaugural' is defined but never used  [2m@typescript-eslint/no-unused-vars[22m[0m
[0m  [2m35:73[22m  [31merror[39m  'field' is defined but never used      [2m@typescript-eslint/no-unused-vars[22m[0m
[0m[0m
[0m[4m/habitat/venues/stages/goodest/adventures/vv_turbo/apps/web/src/scenery/quantity_chooser/decor.js[24m[0m
[0m   [2m50:10[22m  [31merror[39m  'emblem' is assigned a value but never used  [2m@typescript-eslint/no-unused-vars[22m[0m
[0m   [2m51:10[22m  [31merror[39m  'kind' is assigned a value but never used    [2m@typescript-eslint/no-unused-vars[22m[0m
[0m  [2m105:47[22m  [31merror[39m  'inaugural' is defined but never used        [2m@typescript-eslint/no-unused-vars[22m[0m
[0m  [2m105:58[22m  [31merror[39m  'field' is defined but never used            [2m@typescript-eslint/no-unused-vars[22m[0m
[0m[0m
[0m[4m/habitat/venues/stages/goodest/adventures/vv_turbo/apps/web/src/scenery/router_link/decor.js[24m[0m
[0m   [2m4:22[22m  [31merror[39m  'RouterView' is defined but never used     [2m@typescript-eslint/no-unused-vars[22m[0m
[0m  [2m45:17[22m  [31merror[39m  'from' is defined but never used           [2m@typescript-eslint/no-unused-vars[22m[0m
[0m  [2m46:10[22m  [31merror[39m  'link' is assigned a value but never used  [2m@typescript-eslint/no-unused-vars[22m[0m
[0m[0m
[0m[4m/habitat/venues/stages/goodest/adventures/vv_turbo/apps/web/src/scenery/struct_2/composition/decor.js[24m[0m
[0m  [2m5:10[22m  [31merror[39m  'round_quantity' is defined but never used  [2m@typescript-eslint/no-unused-vars[22m[0m
[0m[0m
[0m[4m/habitat/venues/stages/goodest/adventures/vv_turbo/apps/web/src/scenery/struct_2/quantified_grove/fields/methods.js[24m[0m
[0m   [2m2:10[22m  [31merror[39m  'append_field' is defined but never used    [2m@typescript-eslint/no-unused-vars[22m[0m
[0m   [2m5:10[22m  [31merror[39m  'mapState' is defined but never used        [2m@typescript-eslint/no-unused-vars[22m[0m
[0m   [2m6:8[22m   [31merror[39m  'round' is defined but never used           [2m@typescript-eslint/no-unused-vars[22m[0m
[0m   [2m9:10[22m  [31merror[39m  'furnish_string' is defined but never used  [2m@typescript-eslint/no-unused-vars[22m[0m
[0m  [2m10:10[22m  [31merror[39m  'has_field' is defined but never used       [2m@typescript-eslint/no-unused-vars[22m[0m
[0m[0m
[0m[4m/habitat/venues/stages/goodest/adventures/vv_turbo/apps/web/src/scenery/struct_2/quantified_grove/table.js[24m[0m
[0m  [2m3:10[22m  [31merror[39m  'append_field' is defined but never used  [2m@typescript-eslint/no-unused-vars[22m[0m
[0m  [2m5:8[22m   [31merror[39m  'round' is defined but never used         [2m@typescript-eslint/no-unused-vars[22m[0m
[0m  [2m6:8[22m   [31merror[39m  'cloneDeep' is defined but never used     [2m@typescript-eslint/no-unused-vars[22m[0m
[0m[0m
[0m[4m/habitat/venues/stages/goodest/adventures/vv_turbo/apps/web/src/warehouses/_research/observables.js[24m[0m
[0m  [2m10:24[22m  [31merror[39m  'expect' is defined but never used          [2m@typescript-eslint/no-unused-vars[22m[0m
[0m  [2m11:10[22m  [31merror[39m  'mount' is defined but never used           [2m@typescript-eslint/no-unused-vars[22m[0m
[0m  [2m13:8[22m   [31merror[39m  'assert' is defined but never used          [2m@typescript-eslint/no-unused-vars[22m[0m
[0m  [2m20:8[22m   [31merror[39m  'PROXY' is assigned a value but never used  [2m@typescript-eslint/no-unused-vars[22m[0m
[0m  [2m54:19[22m  [31merror[39m  'value' is defined but never used           [2m@typescript-eslint/no-unused-vars[22m[0m
[0m[0m
[0m[4m/habitat/venues/stages/goodest/adventures/vv_turbo/apps/web/src/warehouses/cart/index.js[24m[0m
[0m  [2m35:10[22m  [31merror[39m  'has_field' is defined but never used         [2m@typescript-eslint/no-unused-vars[22m[0m
[0m  [2m45:8[22m   [31merror[39m  '_get' is defined but never used              [2m@typescript-eslint/no-unused-vars[22m[0m
[0m  [2m89:8[22m   [31merror[39m  'monitor' is assigned a value but never used  [2m@typescript-eslint/no-unused-vars[22m[0m
[0m[0m
[0m[4m/habitat/venues/stages/goodest/adventures/vv_turbo/apps/web/src/warehouses/goals/index.js[24m[0m
[0m   [2m45:8[22m   [31merror[39m  '_get' is defined but never used             [2m@typescript-eslint/no-unused-vars[22m[0m
[0m   [2m48:10[22m  [31merror[39m  'rhythm_filter' is defined but never used    [2m@typescript-eslint/no-unused-vars[22m[0m
[0m   [2m97:15[22m  [31merror[39m  'warehouse' is defined but never used        [2m@typescript-eslint/no-unused-vars[22m[0m
[0m  [2m112:15[22m  [31merror[39m  'warehouse' is defined but never used        [2m@typescript-eslint/no-unused-vars[22m[0m
[0m  [2m124:23[22m  [31merror[39m  'change' is defined but never used           [2m@typescript-eslint/no-unused-vars[22m[0m
[0m  [2m124:31[22m  [31merror[39m  'warehouse' is defined but never used        [2m@typescript-eslint/no-unused-vars[22m[0m
[0m  [2m143:15[22m  [31merror[39m  'warehouse' is defined but never used        [2m@typescript-eslint/no-unused-vars[22m[0m
[0m  [2m147:6[22m   [31merror[39m  'parsed' is assigned a value but never used  [2m@typescript-eslint/no-unused-vars[22m[0m
[0m[0m
[0m[4m/habitat/venues/stages/goodest/adventures/vv_turbo/apps/web/src/warehouses/homestead/index.js[24m[0m
[0m   [2m60:8[22m   [31merror[39m  '_get' is defined but never used                [2m@typescript-eslint/no-unused-vars[22m[0m
[0m   [2m87:9[22m   [31merror[39m  'homestead' is assigned a value but never used  [2m@typescript-eslint/no-unused-vars[22m[0m
[0m  [2m101:34[22m  [31merror[39m  'EVENT' is defined but never used               [2m@typescript-eslint/no-unused-vars[22m[0m
[0m  [2m102:21[22m  [31merror[39m  'ellipse' is defined but never used             [2m@typescript-eslint/no-unused-vars[22m[0m
[0m  [2m102:30[22m  [31merror[39m  'is_last' is defined but never used             [2m@typescript-eslint/no-unused-vars[22m[0m
[0m[0m
[0m[4m/habitat/venues/stages/goodest/adventures/vv_turbo/apps/web/src/warehouses/layout/index.js[24m[0m
[0m  [2m34:8[22m   [31merror[39m  '_get' is defined but never used       [2m@typescript-eslint/no-unused-vars[22m[0m
[0m  [2m37:10[22m  [31merror[39m  'has_field' is defined but never used  [2m@typescript-eslint/no-unused-vars[22m[0m
[0m  [2m50:19[22m  [31merror[39m  'change' is defined but never used     [2m@typescript-eslint/no-unused-vars[22m[0m
[0m[0m
[0m[4m/habitat/venues/stages/goodest/adventures/vv_turbo/apps/web/src/warehouses/storage/index.js[24m[0m
[0m   [2m55:8[22m   [31merror[39m  '_get' is defined but never used       [2m@typescript-eslint/no-unused-vars[22m[0m
[0m   [2m85:15[22m  [31merror[39m  'warehouse' is defined but never used  [2m@typescript-eslint/no-unused-vars[22m[0m
[0m  [2m101:15[22m  [31merror[39m  'warehouse' is defined but never used  [2m@typescript-eslint/no-unused-vars[22m[0m
[0m[0m
[0m[4m/habitat/venues/stages/goodest/adventures/vv_turbo/apps/web/src/warehouses/terrain--/index.js[24m[0m
[0m  [2m41:20[22m  [31merror[39m  'ellipse' is defined but never used  [2m@typescript-eslint/no-unused-vars[22m[0m
[0m  [2m41:29[22m  [31merror[39m  'is_last' is defined but never used  [2m@typescript-eslint/no-unused-vars[22m[0m
[0m  [2m53:34[22m  [31merror[39m  'EVENT' is defined but never used    [2m@typescript-eslint/no-unused-vars[22m[0m
[0m[0m
[0m[4m/habitat/venues/stages/goodest/adventures/vv_turbo/apps/web/src/warehouses/theme/index.js[24m[0m
[0m   [2m36:8[22m   [31merror[39m  '_get' is defined but never used              [2m@typescript-eslint/no-unused-vars[22m[0m
[0m   [2m38:10[22m  [31merror[39m  'has_field' is defined but never used         [2m@typescript-eslint/no-unused-vars[22m[0m
[0m   [2m74:19[22m  [31merror[39m  'change' is defined but never used            [2m@typescript-eslint/no-unused-vars[22m[0m
[0m  [2m108:8[22m   [31merror[39m  'monitor' is assigned a value but never used  [2m@typescript-eslint/no-unused-vars[22m[0m
[0m[0m
[0m[31m[1m✖ 269 problems (269 errors, 0 warnings)[22m[39m[0m
[0m[31m[1m[22m[39m[0m
[0m[31merror[0m[2m:[0m script [1m"lint"[0m exited with code 1[0m
